<?xml version="1.0" encoding="utf-8"?><testsuites name="pytest tests"><testsuite name="pytest" errors="0" failures="0" skipped="0" tests="20" time="3.468" timestamp="2026-06-05T13:33:59.056045+00:00" hostname="agent-env-5ed87934-770d-479d-a926-8168846fc555"><testcase classname="backend.tests.test_auth_and_bulk.TestAuthRegister" name="test_register_new_user_returns_token_and_user" time="0.551" /><testcase classname="backend.tests.test_auth_and_bulk.TestAuthRegister" name="test_register_duplicate_email_returns_400" time="0.044" /><testcase classname="backend.tests.test_auth_and_bulk.TestAuthLogin" name="test_login_valid_credentials" time="0.270" /><testcase classname="backend.tests.test_auth_and_bulk.TestAuthLogin" name="test_login_invalid_password_returns_400" time="0.267" /><testcase classname="backend.tests.test_auth_and_bulk.TestAuthLogin" name="test_login_unknown_email_returns_400" time="0.045" /><testcase classname="backend.tests.test_auth_and_bulk.TestAuthLogin" name="test_admin_account_can_login" time="0.267" /><testcase classname="backend.tests.test_auth_and_bulk.TestAuthMe" name="test_me_with_valid_token" time="0.046" /><testcase classname="backend.tests.test_auth_and_bulk.TestAuthMe" name="test_me_without_token_returns_401" time="0.111" /><testcase classname="backend.tests.test_auth_and_bulk.TestAuthMe" name="test_me_invalid_token_returns_401" time="0.107" /><testcase classname="backend.tests.test_auth_and_bulk.TestBulkClients" name="test_bulk_clients_requires_auth" time="0.176" /><testcase classname="backend.tests.test_auth_and_bulk.TestBulkClients" name="test_bulk_clients_imports_two_rows" time="0.097" /><testcase classname="backend.tests.test_auth_and_bulk.TestBulkClients" name="test_bulk_clients_partial_errors" time="0.416" /><testcase classname="backend.tests.test_auth_and_bulk.TestBulkDocuments" name="test_bulk_documents_requires_auth" time="0.323" /><testcase classname="backend.tests.test_auth_and_bulk.TestBulkDocuments" name="test_bulk_documents_invalid_client_returns_404" time="0.052" /><testcase classname="backend.tests.test_auth_and_bulk.TestBulkDocuments" name="test_bulk_documents_imports_two" time="0.153" /><testcase classname="backend.tests.test_auth_and_bulk.TestExistingEndpointsStillWork" name="test_get_clients_no_auth_still_works" time="0.043" /><testcase classname="backend.tests.test_auth_and_bulk.TestExistingEndpointsStillWork" name="test_get_documents_no_auth_still_works" time="0.046" /><testcase classname="backend.tests.test_auth_and_bulk.TestExistingEndpointsStillWork" name="test_get_tasks_no_auth_still_works" time="0.047" /><testcase classname="backend.tests.test_auth_and_bulk.TestExistingEndpointsStillWork" name="test_dashboard_stats" time="0.050" /><testcase classname="backend.tests.test_auth_and_bulk.TestExistingEndpointsStillWork" name="test_create_and_delete_client_unchanged" time="0.140" /></testsuite></testsuites>