<?xml version="1.0" encoding="utf-8"?><testsuites name="pytest tests"><testsuite name="pytest" errors="0" failures="0" skipped="0" tests="13" time="8.182" timestamp="2026-06-05T12:40:50.308584+00:00" hostname="agent-env-5ed87934-770d-479d-a926-8168846fc555"><testcase classname="tests.test_ca_firm_backend.TestClients" name="test_get_clients" time="0.318" /><testcase classname="tests.test_ca_firm_backend.TestClients" name="test_get_client_by_id" time="0.115" /><testcase classname="tests.test_ca_firm_backend.TestClients" name="test_update_client_all_fields" time="0.108" /><testcase classname="tests.test_ca_firm_backend.TestDocuments" name="test_create_document_with_new_fields" time="0.084" /><testcase classname="tests.test_ca_firm_backend.TestDocuments" name="test_get_document_has_new_fields" time="0.056" /><testcase classname="tests.test_ca_firm_backend.TestDocuments" name="test_update_document_all_fields" time="0.112" /><testcase classname="tests.test_ca_firm_backend.TestDocuments" name="test_list_client_documents" time="0.053" /><testcase classname="tests.test_ca_firm_backend.TestDocuments" name="test_delete_document" time="0.133" /><testcase classname="tests.test_ca_firm_backend.TestTasks" name="test_create_and_update_task" time="0.179" /><testcase classname="tests.test_ca_firm_backend.TestAI" name="test_generate_message_non_streaming_plain_text" time="2.401" /><testcase classname="tests.test_ca_firm_backend.TestAI" name="test_generate_cheatsheet_plain_text" time="2.012" /><testcase classname="tests.test_ca_firm_backend.TestAI" name="test_daily_summary_plain_text" time="2.319" /><testcase classname="tests.test_ca_firm_backend.TestDashboard" name="test_dashboard_stats" time="0.101" /></testsuite></testsuites>